 Image postgres:16-alpine Pulling
 Image mcr.microsoft.com/playwright:v1.58.2-noble Pulling
 e93fce65fb9f Pulling fs layer
 ca6ba77a7dd1 Pulling fs layer
 2f544baf4e5f Pulling fs layer
 a9f762cbf2c0 Pulling fs layer
 e93fce65fb9f Downloading [=>                                                 ]  1.049MB/30.6MB
 ca6ba77a7dd1 Downloading [>                                                  ]  4.194MB/769.8MB
 e93fce65fb9f Downloading [========>                                          ]  5.243MB/30.6MB
 ca6ba77a7dd1 Downloading [>                                                  ]  9.437MB/769.8MB
 2f544baf4e5f Downloading [==>                                                ]  4.194MB/103.7MB
 5ffb427686b6 Pulling fs layer
 8243369e9866 Pulling fs layer
 630177b00352 Pulling fs layer
 6c18ff1f33d0 Pulling fs layer
 13e46e455d3b Pulling fs layer
 b4403f29458a Pulling fs layer
 40aaa75af6ce Pulling fs layer
 162bdab1e0a7 Pulling fs layer
 ebff7b0ec73e Pulling fs layer
 c02179436571 Pulling fs layer
 589002ba0eae Pulling fs layer
 e93fce65fb9f Downloading [=================>                                 ]  10.49MB/30.6MB
 ca6ba77a7dd1 Downloading [>                                                  ]  13.63MB/769.8MB
 2f544baf4e5f Downloading [=====>                                             ]  10.49MB/103.7MB
 e93fce65fb9f Downloading [=======================>                           ]  14.68MB/30.6MB
 ca6ba77a7dd1 Downloading [=>                                                 ]  17.83MB/769.8MB
 2f544baf4e5f Downloading [=======>                                           ]  14.68MB/103.7MB
 e93fce65fb9f Downloading [================================>                  ]  19.92MB/30.6MB
 ca6ba77a7dd1 Downloading [=>                                                 ]  23.07MB/769.8MB
 2f544baf4e5f Downloading [=========>                                         ]  19.13MB/103.7MB
 1eaa8a41a070 Download complete
 13e46e455d3b Download complete
 8c68e283f362 Download complete
 ca6ba77a7dd1 Downloading [=>                                                 ]  25.17MB/769.8MB
 2f544baf4e5f Downloading [===========>                                       ]  24.12MB/103.7MB
 e93fce65fb9f Downloading [=======================================>           ]  24.12MB/30.6MB
 5ffb427686b6 Download complete
 8243369e9866 Download complete
 630177b00352 Download complete
 6c18ff1f33d0 Download complete
 b4403f29458a Downloading [=>                                                 ]  3.146MB/105.2MB
 40aaa75af6ce Download complete
 c02179436571 Download complete
 162bdab1e0a7 Download complete
 ebff7b0ec73e Download complete
 589002ba0eae Downloading [===========================>                       ]  2.097MB/3.862MB
 e93fce65fb9f Downloading [==============================================>    ]  28.31MB/30.6MB
 ca6ba77a7dd1 Downloading [=>                                                 ]  28.31MB/769.8MB
 2f544baf4e5f Downloading [=============>                                     ]  28.31MB/103.7MB
 b4403f29458a Downloading [===>                                               ]  8.389MB/105.2MB
 589002ba0eae Download complete
 589002ba0eae Extracting 1 s
 b4403f29458a Downloading [=====>                                             ]  12.58MB/105.2MB
 e93fce65fb9f Download complete
 ca6ba77a7dd1 Downloading [==>                                                ]  32.51MB/769.8MB
 2f544baf4e5f Downloading [===============>                                   ]  31.46MB/103.7MB
 e93fce65fb9f Extracting 1 s
 589002ba0eae Extracting 1 s
 b4403f29458a Downloading [========>                                          ]  17.83MB/105.2MB
 a9f762cbf2c0 Download complete
 ca6ba77a7dd1 Downloading [==>                                                ]  35.65MB/769.8MB
 2f544baf4e5f Downloading [================>                                  ]   34.6MB/103.7MB
 e93fce65fb9f Extracting 1 s
 589002ba0eae Extracting 1 s
 b4403f29458a Downloading [==========>                                        ]  23.07MB/105.2MB
 ca6ba77a7dd1 Downloading [==>                                                ]   38.8MB/769.8MB
 2f544baf4e5f Downloading [==================>                                ]  37.75MB/103.7MB
 e93fce65fb9f Extracting 1 s
 5ffb427686b6 Pull complete
 630177b00352 Pull complete
 6c18ff1f33d0 Extracting 1 s
 589002ba0eae Pull complete
 ca6ba77a7dd1 Downloading [==>                                                ]  44.04MB/769.8MB
 2f544baf4e5f Downloading [====================>                              ]  41.94MB/103.7MB
 b4403f29458a Downloading [==============>                                    ]  30.41MB/105.2MB
 13e46e455d3b Pull complete
 e93fce65fb9f Extracting 1 s
 6c18ff1f33d0 Pull complete
 ca6ba77a7dd1 Downloading [===>                                               ]  49.28MB/769.8MB
 2f544baf4e5f Downloading [=====================>                             ]  45.09MB/103.7MB
 b4403f29458a Downloading [===============>                                   ]  32.51MB/105.2MB
 e93fce65fb9f Extracting 1 s
 ca6ba77a7dd1 Downloading [===>                                               ]  53.48MB/769.8MB
 2f544baf4e5f Downloading [========================>                          ]  50.33MB/103.7MB
 e93fce65fb9f Extracting 1 s
 b4403f29458a Downloading [================>                                  ]   34.6MB/105.2MB
 b4403f29458a Downloading [===================>                               ]  40.89MB/105.2MB
 ca6ba77a7dd1 Downloading [===>                                               ]  58.72MB/769.8MB
 2f544baf4e5f Downloading [==========================>                        ]  54.53MB/103.7MB
 e93fce65fb9f Extracting 1 s
 b4403f29458a Downloading [======================>                            ]  48.23MB/105.2MB
 ca6ba77a7dd1 Downloading [====>                                              ]  62.91MB/769.8MB
 2f544baf4e5f Downloading [===========================>                       ]  57.67MB/103.7MB
 e93fce65fb9f Extracting 1 s
 ca6ba77a7dd1 Downloading [====>                                              ]  68.16MB/769.8MB
 2f544baf4e5f Downloading [=============================>                     ]  61.87MB/103.7MB
 b4403f29458a Downloading [========================>                          ]  51.38MB/105.2MB
 e93fce65fb9f Extracting 1 s
 ca6ba77a7dd1 Downloading [====>                                              ]  74.11MB/769.8MB
 2f544baf4e5f Downloading [===============================>                   ]  66.06MB/103.7MB
 b4403f29458a Downloading [==========================>                        ]  55.57MB/105.2MB
 e93fce65fb9f Extracting 1 s
 ca6ba77a7dd1 Downloading [=====>                                             ]  77.59MB/769.8MB
 2f544baf4e5f Downloading [=================================>                 ]  69.21MB/103.7MB
 b4403f29458a Downloading [===========================>                       ]  58.72MB/105.2MB
 e93fce65fb9f Extracting 2 s
 b4403f29458a Downloading [==============================>                    ]  64.48MB/105.2MB
 ca6ba77a7dd1 Downloading [=====>                                             ]  80.94MB/769.8MB
 2f544baf4e5f Downloading [==================================>                ]  72.35MB/103.7MB
 e93fce65fb9f Extracting 2 s
 ca6ba77a7dd1 Downloading [=====>                                             ]  84.93MB/769.8MB
 2f544baf4e5f Downloading [===================================>               ]  74.45MB/103.7MB
 b4403f29458a Downloading [=================================>                 ]  69.83MB/105.2MB
 e93fce65fb9f Extracting 2 s
 b4403f29458a Downloading [===================================>               ]  74.45MB/105.2MB
 ca6ba77a7dd1 Downloading [=====>                                             ]  88.08MB/769.8MB
 2f544baf4e5f Downloading [=====================================>             ]  77.08MB/103.7MB
 e93fce65fb9f Extracting 2 s
 ca6ba77a7dd1 Downloading [=====>                                             ]  92.27MB/769.8MB
 b4403f29458a Downloading [=====================================>             ]  79.69MB/105.2MB
 2f544baf4e5f Downloading [======================================>            ]  80.74MB/103.7MB
 e93fce65fb9f Extracting 2 s
 ca6ba77a7dd1 Downloading [======>                                            ]  95.93MB/769.8MB
 2f544baf4e5f Downloading [========================================>          ]  83.47MB/103.7MB
 b4403f29458a Downloading [========================================>          ]  85.98MB/105.2MB
 e93fce65fb9f Extracting 2 s
 b4403f29458a Downloading [==========================================>        ]  89.69MB/105.2MB
 ca6ba77a7dd1 Downloading [======>                                            ]  98.57MB/769.8MB
 2f544baf4e5f Downloading [=========================================>         ]   86.5MB/103.7MB
 e93fce65fb9f Extracting 2 s
 ca6ba77a7dd1 Downloading [======>                                            ]    102MB/769.8MB
 2f544baf4e5f Downloading [===========================================>       ]  90.18MB/103.7MB
 b4403f29458a Downloading [============================================>      ]  94.37MB/105.2MB
 e93fce65fb9f Extracting 2 s
 b4403f29458a Downloading [===============================================>   ]  99.61MB/105.2MB
 ca6ba77a7dd1 Downloading [======>                                            ]  105.9MB/769.8MB
 2f544baf4e5f Downloading [=============================================>     ]  93.32MB/103.7MB
 e93fce65fb9f Extracting 2 s
 b4403f29458a Downloading [=================================================> ]  104.9MB/105.2MB
 2f544baf4e5f Downloading [==============================================>    ]  96.47MB/103.7MB
 ca6ba77a7dd1 Downloading [=======>                                           ]  109.8MB/769.8MB
 e93fce65fb9f Extracting 2 s
 b4403f29458a Downloading [==================================================>]  105.2MB/105.2MB
 ca6ba77a7dd1 Downloading [=======>                                           ]  113.2MB/769.8MB
 2f544baf4e5f Downloading [================================================>  ]  99.61MB/103.7MB
 e93fce65fb9f Extracting 3 s
 ca6ba77a7dd1 Downloading [=======>                                           ]  116.4MB/769.8MB
 2f544baf4e5f Downloading [=================================================> ]  101.7MB/103.7MB
 e93fce65fb9f Extracting 3 s
 b4403f29458a Download complete
 b4403f29458a Extracting 1 s
 ca6ba77a7dd1 Downloading [=======>                                           ]  119.5MB/769.8MB
 2f544baf4e5f Downloading [==================================================>]  103.7MB/103.7MB
 e93fce65fb9f Extracting 3 s
 b4403f29458a Extracting 1 s
 ca6ba77a7dd1 Downloading [========>                                          ]  123.7MB/769.8MB
 2f544baf4e5f Download complete
 e93fce65fb9f Pull complete
 2f544baf4e5f Extracting 1 s
 b4403f29458a Extracting 1 s
 ca6ba77a7dd1 Downloading [========>                                          ]  128.5MB/769.8MB
 2f544baf4e5f Extracting 1 s
 b4403f29458a Extracting 1 s
 ca6ba77a7dd1 Downloading [========>                                          ]  132.3MB/769.8MB
 2f544baf4e5f Extracting 1 s
 b4403f29458a Extracting 1 s
 ca6ba77a7dd1 Downloading [========>                                          ]  136.3MB/769.8MB
 2f544baf4e5f Extracting 1 s
 b4403f29458a Extracting 1 s
 ca6ba77a7dd1 Downloading [=========>                                         ]  140.5MB/769.8MB
 2f544baf4e5f Extracting 1 s
 b4403f29458a Extracting 1 s
 ca6ba77a7dd1 Downloading [=========>                                         ]  143.8MB/769.8MB
 2f544baf4e5f Extracting 1 s
 b4403f29458a Extracting 1 s
 ca6ba77a7dd1 Downloading [=========>                                         ]  147.8MB/769.8MB
 2f544baf4e5f Extracting 1 s
 b4403f29458a Extracting 1 s
 ca6ba77a7dd1 Downloading [=========>                                         ]    152MB/769.8MB
 2f544baf4e5f Extracting 1 s
 b4403f29458a Extracting 1 s
 ca6ba77a7dd1 Downloading [==========>                                        ]    156MB/769.8MB
 2f544baf4e5f Extracting 1 s
 b4403f29458a Extracting 1 s
 ca6ba77a7dd1 Downloading [==========>                                        ]  160.4MB/769.8MB
 2f544baf4e5f Extracting 1 s
 b4403f29458a Extracting 2 s
 ca6ba77a7dd1 Downloading [==========>                                        ]  165.7MB/769.8MB
 2f544baf4e5f Extracting 2 s
 b4403f29458a Extracting 2 s
 ca6ba77a7dd1 Downloading [===========>                                       ]  169.9MB/769.8MB
 2f544baf4e5f Extracting 2 s
 b4403f29458a Extracting 2 s
 ca6ba77a7dd1 Downloading [===========>                                       ]  173.9MB/769.8MB
 b4403f29458a Extracting 2 s
 2f544baf4e5f Extracting 2 s
 ca6ba77a7dd1 Downloading [===========>                                       ]  178.3MB/769.8MB
 2f544baf4e5f Extracting 2 s
 b4403f29458a Extracting 2 s
 ca6ba77a7dd1 Downloading [===========>                                       ]  183.5MB/769.8MB
 2f544baf4e5f Extracting 2 s
 b4403f29458a Extracting 2 s
 ca6ba77a7dd1 Downloading [============>                                      ]  186.8MB/769.8MB
 2f544baf4e5f Extracting 2 s
 b4403f29458a Extracting 2 s
 ca6ba77a7dd1 Downloading [============>                                      ]  192.6MB/769.8MB
 2f544baf4e5f Extracting 2 s
 b4403f29458a Extracting 2 s
 ca6ba77a7dd1 Downloading [============>                                      ]  196.1MB/769.8MB
 2f544baf4e5f Extracting 2 s
 b4403f29458a Extracting 2 s
 ca6ba77a7dd1 Downloading [============>                                      ]    200MB/769.8MB
 2f544baf4e5f Extracting 2 s
 b4403f29458a Extracting 2 s
 ca6ba77a7dd1 Downloading [=============>                                     ]  204.1MB/769.8MB
 2f544baf4e5f Extracting 2 s
 b4403f29458a Extracting 3 s
 ca6ba77a7dd1 Downloading [=============>                                     ]  207.6MB/769.8MB
 2f544baf4e5f Extracting 2 s
 b4403f29458a Extracting 3 s
 ca6ba77a7dd1 Downloading [=============>                                     ]  211.8MB/769.8MB
 2f544baf4e5f Extracting 3 s
 b4403f29458a Extracting 3 s
 ca6ba77a7dd1 Downloading [==============>                                    ]  215.7MB/769.8MB
 2f544baf4e5f Extracting 3 s
 b4403f29458a Extracting 3 s
 ca6ba77a7dd1 Downloading [==============>                                    ]  219.2MB/769.8MB
 2f544baf4e5f Extracting 3 s
 b4403f29458a Extracting 3 s
 ca6ba77a7dd1 Downloading [==============>                                    ]  223.3MB/769.8MB
 2f544baf4e5f Extracting 3 s
 b4403f29458a Extracting 3 s
 ca6ba77a7dd1 Downloading [==============>                                    ]    227MB/769.8MB
 2f544baf4e5f Extracting 3 s
 b4403f29458a Extracting 3 s
 ca6ba77a7dd1 Downloading [===============>                                   ]  231.1MB/769.8MB
 2f544baf4e5f Extracting 3 s
 b4403f29458a Extracting 3 s
 ca6ba77a7dd1 Downloading [===============>                                   ]  234.9MB/769.8MB
 2f544baf4e5f Extracting 3 s
 b4403f29458a Extracting 3 s
 ca6ba77a7dd1 Downloading [===============>                                   ]    238MB/769.8MB
 2f544baf4e5f Extracting 3 s
 b4403f29458a Extracting 3 s
 ca6ba77a7dd1 Downloading [===============>                                   ]  242.1MB/769.8MB
 2f544baf4e5f Extracting 3 s
 b4403f29458a Extracting 4 s
 ca6ba77a7dd1 Downloading [===============>                                   ]  244.3MB/769.8MB
 2f544baf4e5f Extracting 3 s
 b4403f29458a Extracting 4 s
 ca6ba77a7dd1 Downloading [================>                                  ]  248.5MB/769.8MB
 2f544baf4e5f Extracting 4 s
 b4403f29458a Extracting 4 s
 ca6ba77a7dd1 Downloading [================>                                  ]  252.7MB/769.8MB
 2f544baf4e5f Extracting 4 s
 b4403f29458a Extracting 4 s
 ca6ba77a7dd1 Downloading [================>                                  ]    256MB/769.8MB
 2f544baf4e5f Extracting 4 s
 b4403f29458a Extracting 4 s
 ca6ba77a7dd1 Downloading [================>                                  ]  259.9MB/769.8MB
 2f544baf4e5f Extracting 4 s
 b4403f29458a Extracting 4 s
 ca6ba77a7dd1 Downloading [=================>                                 ]  264.2MB/769.8MB
 2f544baf4e5f Extracting 4 s
 b4403f29458a Extracting 4 s
 ca6ba77a7dd1 Downloading [=================>                                 ]  267.4MB/769.8MB
 2f544baf4e5f Extracting 4 s
 b4403f29458a Extracting 4 s
 ca6ba77a7dd1 Downloading [=================>                                 ]  269.5MB/769.8MB
 2f544baf4e5f Extracting 4 s
 b4403f29458a Extracting 4 s
 ca6ba77a7dd1 Downloading [=================>                                 ]  272.6MB/769.8MB
 2f544baf4e5f Extracting 4 s
 b4403f29458a Extracting 5 s
 ca6ba77a7dd1 Downloading [=================>                                 ]  274.7MB/769.8MB
 b4403f29458a Extracting 5 s
 2f544baf4e5f Extracting 4 s
 ca6ba77a7dd1 Downloading [==================>                                ]  277.9MB/769.8MB
 2f544baf4e5f Extracting 5 s
 b4403f29458a Extracting 5 s
 ca6ba77a7dd1 Downloading [==================>                                ]  281.8MB/769.8MB
 2f544baf4e5f Extracting 5 s
 b4403f29458a Extracting 5 s
 ca6ba77a7dd1 Downloading [==================>                                ]  285.5MB/769.8MB
 2f544baf4e5f Extracting 5 s
 b4403f29458a Extracting 5 s
 ca6ba77a7dd1 Downloading [==================>                                ]  289.2MB/769.8MB
 2f544baf4e5f Extracting 5 s
 b4403f29458a Extracting 5 s
 ca6ba77a7dd1 Downloading [===================>                               ]  292.9MB/769.8MB
 2f544baf4e5f Extracting 5 s
 b4403f29458a Extracting 5 s
 ca6ba77a7dd1 Downloading [===================>                               ]  295.7MB/769.8MB
 2f544baf4e5f Extracting 5 s
 b4403f29458a Extracting 5 s
 ca6ba77a7dd1 Downloading [===================>                               ]  299.3MB/769.8MB
 2f544baf4e5f Extracting 5 s
 b4403f29458a Extracting 5 s
 ca6ba77a7dd1 Downloading [===================>                               ]  303.9MB/769.8MB
 2f544baf4e5f Extracting 5 s
 b4403f29458a Extracting 5 s
 ca6ba77a7dd1 Downloading [===================>                               ]  307.2MB/769.8MB
 2f544baf4e5f Extracting 5 s
 b4403f29458a Extracting 5 s
 ca6ba77a7dd1 Downloading [====================>                              ]  310.4MB/769.8MB
 2f544baf4e5f Extracting 5 s
 b4403f29458a Extracting 6 s
 ca6ba77a7dd1 Downloading [====================>                              ]  312.5MB/769.8MB
 2f544baf4e5f Extracting 6 s
 b4403f29458a Extracting 6 s
 ca6ba77a7dd1 Downloading [====================>                              ]  316.5MB/769.8MB
 2f544baf4e5f Extracting 6 s
 b4403f29458a Extracting 6 s
 ca6ba77a7dd1 Downloading [====================>                              ]  319.8MB/769.8MB
 2f544baf4e5f Extracting 6 s
 b4403f29458a Extracting 6 s
 ca6ba77a7dd1 Downloading [====================>                              ]    323MB/769.8MB
 2f544baf4e5f Extracting 6 s
 b4403f29458a Extracting 6 s
 ca6ba77a7dd1 Downloading [=====================>                             ]  326.1MB/769.8MB
 2f544baf4e5f Extracting 6 s
 b4403f29458a Extracting 6 s
 ca6ba77a7dd1 Downloading [=====================>                             ]  329.2MB/769.8MB
 2f544baf4e5f Extracting 6 s
 b4403f29458a Extracting 6 s
 ca6ba77a7dd1 Downloading [=====================>                             ]  332.4MB/769.8MB
 2f544baf4e5f Extracting 6 s
 b4403f29458a Extracting 6 s
 ca6ba77a7dd1 Downloading [=====================>                             ]  335.5MB/769.8MB
 2f544baf4e5f Extracting 6 s
 b4403f29458a Extracting 6 s
 ca6ba77a7dd1 Downloading [=====================>                             ]  338.7MB/769.8MB
 2f544baf4e5f Extracting 6 s
 b4403f29458a Extracting 6 s
 ca6ba77a7dd1 Downloading [======================>                            ]  342.7MB/769.8MB
 2f544baf4e5f Extracting 6 s
 b4403f29458a Extracting 7 s
 ca6ba77a7dd1 Downloading [======================>                            ]    345MB/769.8MB
 2f544baf4e5f Extracting 7 s
 b4403f29458a Extracting 7 s
 ca6ba77a7dd1 Downloading [======================>                            ]  347.1MB/769.8MB
 2f544baf4e5f Extracting 7 s
 b4403f29458a Extracting 7 s
 ca6ba77a7dd1 Downloading [======================>                            ]  351.3MB/769.8MB
 2f544baf4e5f Extracting 7 s
 b4403f29458a Extracting 7 s
 ca6ba77a7dd1 Downloading [=======================>                           ]  354.4MB/769.8MB
 2f544baf4e5f Extracting 7 s
 b4403f29458a Extracting 7 s
 ca6ba77a7dd1 Downloading [=======================>                           ]  357.9MB/769.8MB
 2f544baf4e5f Extracting 7 s
 b4403f29458a Extracting 7 s
 ca6ba77a7dd1 Downloading [=======================>                           ]  361.8MB/769.8MB
 2f544baf4e5f Extracting 7 s
 40aaa75af6ce Pull complete
 c02179436571 Pull complete
 162bdab1e0a7 Pull complete
 ebff7b0ec73e Pull complete
 b4403f29458a Pull complete
 ca6ba77a7dd1 Downloading [=======================>                           ]  366.2MB/769.8MB
 8243369e9866 Pull complete
 2f544baf4e5f Extracting 7 s
 Image postgres:16-alpine Pulled
 ca6ba77a7dd1 Downloading [=======================>                           ]  369.1MB/769.8MB
 2f544baf4e5f Extracting 7 s
 ca6ba77a7dd1 Downloading [========================>                          ]  372.2MB/769.8MB
 2f544baf4e5f Extracting 7 s
 ca6ba77a7dd1 Downloading [========================>                          ]  375.4MB/769.8MB
 2f544baf4e5f Extracting 7 s
 ca6ba77a7dd1 Downloading [========================>                          ]  378.5MB/769.8MB
 2f544baf4e5f Extracting 7 s
 ca6ba77a7dd1 Downloading [========================>                          ]  380.6MB/769.8MB
 2f544baf4e5f Extracting 8 s
 ca6ba77a7dd1 Downloading [========================>                          ]  383.8MB/769.8MB
 2f544baf4e5f Extracting 8 s
 ca6ba77a7dd1 Downloading [=========================>                         ]  386.9MB/769.8MB
 2f544baf4e5f Extracting 8 s
 ca6ba77a7dd1 Downloading [=========================>                         ]    389MB/769.8MB
 2f544baf4e5f Extracting 8 s
 ca6ba77a7dd1 Downloading [=========================>                         ]  392.2MB/769.8MB
 2f544baf4e5f Extracting 8 s
 ca6ba77a7dd1 Downloading [=========================>                         ]  397.4MB/769.8MB
 2f544baf4e5f Extracting 8 s
 ca6ba77a7dd1 Downloading [==========================>                        ]  401.6MB/769.8MB
 2f544baf4e5f Extracting 8 s
 ca6ba77a7dd1 Downloading [==========================>                        ]  405.8MB/769.8MB
 2f544baf4e5f Extracting 8 s
 ca6ba77a7dd1 Downloading [==========================>                        ]  409.1MB/769.8MB
 2f544baf4e5f Extracting 8 s
 ca6ba77a7dd1 Downloading [==========================>                        ]  414.2MB/769.8MB
 2f544baf4e5f Extracting 8 s
 ca6ba77a7dd1 Downloading [===========================>                       ]  419.4MB/769.8MB
 2f544baf4e5f Extracting 9 s
 ca6ba77a7dd1 Downloading [===========================>                       ]  423.6MB/769.8MB
 2f544baf4e5f Extracting 9 s
 ca6ba77a7dd1 Downloading [===========================>                       ]  429.5MB/769.8MB
 2f544baf4e5f Extracting 9 s
 ca6ba77a7dd1 Downloading [============================>                      ]  434.1MB/769.8MB
 2f544baf4e5f Extracting 9 s
 ca6ba77a7dd1 Downloading [============================>                      ]  438.3MB/769.8MB
 2f544baf4e5f Extracting 9 s
 ca6ba77a7dd1 Downloading [============================>                      ]  442.7MB/769.8MB
 2f544baf4e5f Extracting 9 s
 ca6ba77a7dd1 Downloading [============================>                      ]  446.2MB/769.8MB
 2f544baf4e5f Extracting 9 s
 ca6ba77a7dd1 Downloading [=============================>                     ]  450.9MB/769.8MB
 2f544baf4e5f Extracting 9 s
 ca6ba77a7dd1 Downloading [=============================>                     ]  455.1MB/769.8MB
 2f544baf4e5f Extracting 9 s
 ca6ba77a7dd1 Downloading [=============================>                     ]  459.3MB/769.8MB
 2f544baf4e5f Extracting 9 s
 ca6ba77a7dd1 Downloading [==============================>                    ]  462.4MB/769.8MB
 a9f762cbf2c0 Extracting 1 s
 2f544baf4e5f Pull complete
 ca6ba77a7dd1 Downloading [==============================>                    ]  466.6MB/769.8MB
 a9f762cbf2c0 Pull complete
 ca6ba77a7dd1 Downloading [==============================>                    ]  469.6MB/769.8MB
 ca6ba77a7dd1 Downloading [==============================>                    ]  472.9MB/769.8MB
 ca6ba77a7dd1 Downloading [==============================>                    ]  477.1MB/769.8MB
 ca6ba77a7dd1 Downloading [===============================>                   ]  480.9MB/769.8MB
 ca6ba77a7dd1 Downloading [===============================>                   ]  484.4MB/769.8MB
 ca6ba77a7dd1 Downloading [===============================>                   ]  488.6MB/769.8MB
 ca6ba77a7dd1 Downloading [================================>                  ]  492.8MB/769.8MB
 ca6ba77a7dd1 Downloading [================================>                  ]    496MB/769.8MB
 ca6ba77a7dd1 Downloading [================================>                  ]  500.2MB/769.8MB
 ca6ba77a7dd1 Downloading [================================>                  ]  504.4MB/769.8MB
 ca6ba77a7dd1 Downloading [=================================>                 ]  508.6MB/769.8MB
 ca6ba77a7dd1 Downloading [=================================>                 ]  512.8MB/769.8MB
 ca6ba77a7dd1 Downloading [=================================>                 ]  516.9MB/769.8MB
 ca6ba77a7dd1 Downloading [=================================>                 ]  521.1MB/769.8MB
 ca6ba77a7dd1 Downloading [==================================>                ]  525.3MB/769.8MB
 ca6ba77a7dd1 Downloading [==================================>                ]  529.5MB/769.8MB
 ca6ba77a7dd1 Downloading [==================================>                ]  533.7MB/769.8MB
 ca6ba77a7dd1 Downloading [==================================>                ]  538.2MB/769.8MB
 ca6ba77a7dd1 Downloading [===================================>               ]  542.1MB/769.8MB
 ca6ba77a7dd1 Downloading [===================================>               ]  546.3MB/769.8MB
 ca6ba77a7dd1 Downloading [===================================>               ]  550.5MB/769.8MB
 ca6ba77a7dd1 Downloading [====================================>              ]  554.7MB/769.8MB
 ca6ba77a7dd1 Downloading [====================================>              ]  558.9MB/769.8MB
 ca6ba77a7dd1 Downloading [====================================>              ]  563.1MB/769.8MB
 ca6ba77a7dd1 Downloading [====================================>              ]  567.6MB/769.8MB
 ca6ba77a7dd1 Downloading [=====================================>             ]  572.5MB/769.8MB
 ca6ba77a7dd1 Downloading [=====================================>             ]  575.7MB/769.8MB
 ca6ba77a7dd1 Downloading [=====================================>             ]  580.9MB/769.8MB
 ca6ba77a7dd1 Downloading [======================================>            ]  585.1MB/769.8MB
 ca6ba77a7dd1 Downloading [======================================>            ]  588.3MB/769.8MB
 ca6ba77a7dd1 Downloading [======================================>            ]  592.4MB/769.8MB
 ca6ba77a7dd1 Downloading [======================================>            ]  596.3MB/769.8MB
 ca6ba77a7dd1 Downloading [======================================>            ]  597.8MB/769.8MB
 ca6ba77a7dd1 Downloading [=======================================>           ]  602.9MB/769.8MB
 ca6ba77a7dd1 Downloading [=======================================>           ]  607.1MB/769.8MB
 ca6ba77a7dd1 Downloading [=======================================>           ]  611.3MB/769.8MB
 ca6ba77a7dd1 Downloading [=======================================>           ]  614.5MB/769.8MB
 ca6ba77a7dd1 Downloading [========================================>          ]  620.8MB/769.8MB
 ca6ba77a7dd1 Downloading [========================================>          ]    625MB/769.8MB
 ca6ba77a7dd1 Downloading [========================================>          ]  629.1MB/769.8MB
 ca6ba77a7dd1 Downloading [=========================================>         ]  633.3MB/769.8MB
 ca6ba77a7dd1 Downloading [=========================================>         ]  637.5MB/769.8MB
 ca6ba77a7dd1 Downloading [=========================================>         ]  641.7MB/769.8MB
 ca6ba77a7dd1 Downloading [=========================================>         ]  645.8MB/769.8MB
 ca6ba77a7dd1 Downloading [==========================================>        ]  650.1MB/769.8MB
 ca6ba77a7dd1 Downloading [==========================================>        ]  653.3MB/769.8MB
 ca6ba77a7dd1 Downloading [==========================================>        ]  656.4MB/769.8MB
 ca6ba77a7dd1 Downloading [==========================================>        ]  660.6MB/769.8MB
 ca6ba77a7dd1 Downloading [===========================================>       ]  663.7MB/769.8MB
 ca6ba77a7dd1 Downloading [===========================================>       ]  667.4MB/769.8MB
 ca6ba77a7dd1 Downloading [===========================================>       ]  671.1MB/769.8MB
 ca6ba77a7dd1 Downloading [===========================================>       ]  675.3MB/769.8MB
 ca6ba77a7dd1 Downloading [============================================>      ]  679.2MB/769.8MB
 ca6ba77a7dd1 Downloading [============================================>      ]  682.6MB/769.8MB
 ca6ba77a7dd1 Downloading [============================================>      ]  686.1MB/769.8MB
 ca6ba77a7dd1 Downloading [============================================>      ]    690MB/769.8MB
 ca6ba77a7dd1 Downloading [=============================================>     ]  693.8MB/769.8MB
 ca6ba77a7dd1 Downloading [=============================================>     ]  697.3MB/769.8MB
 ca6ba77a7dd1 Downloading [=============================================>     ]  701.4MB/769.8MB
 ca6ba77a7dd1 Downloading [=============================================>     ]  705.7MB/769.8MB
 ca6ba77a7dd1 Downloading [==============================================>    ]  709.7MB/769.8MB
 ca6ba77a7dd1 Downloading [==============================================>    ]    713MB/769.8MB
 ca6ba77a7dd1 Downloading [==============================================>    ]  717.2MB/769.8MB
 ca6ba77a7dd1 Downloading [==============================================>    ]  721.1MB/769.8MB
 ca6ba77a7dd1 Downloading [===============================================>   ]  724.6MB/769.8MB
 ca6ba77a7dd1 Downloading [===============================================>   ]  728.9MB/769.8MB
 ca6ba77a7dd1 Downloading [===============================================>   ]    733MB/769.8MB
 ca6ba77a7dd1 Downloading [===============================================>   ]  737.1MB/769.8MB
 ca6ba77a7dd1 Downloading [================================================>  ]  740.3MB/769.8MB
 ca6ba77a7dd1 Downloading [================================================>  ]  744.5MB/769.8MB
 ca6ba77a7dd1 Downloading [================================================>  ]  748.5MB/769.8MB
 ca6ba77a7dd1 Downloading [================================================>  ]  751.8MB/769.8MB
 ca6ba77a7dd1 Downloading [=================================================> ]    756MB/769.8MB
 ca6ba77a7dd1 Downloading [=================================================> ]  760.2MB/769.8MB
 ca6ba77a7dd1 Downloading [=================================================> ]  764.4MB/769.8MB
 ca6ba77a7dd1 Downloading [=================================================> ]  768.6MB/769.8MB
 ca6ba77a7dd1 Downloading [==================================================>]  769.8MB/769.8MB
 ca6ba77a7dd1 Downloading [==================================================>]  769.8MB/769.8MB
 ca6ba77a7dd1 Downloading [==================================================>]  769.8MB/769.8MB
 ca6ba77a7dd1 Downloading [==================================================>]  769.8MB/769.8MB
 ca6ba77a7dd1 Downloading [==================================================>]  769.8MB/769.8MB
 ca6ba77a7dd1 Download complete
 ca6ba77a7dd1 Extracting 1 s
 ca6ba77a7dd1 Extracting 1 s
 ca6ba77a7dd1 Extracting 1 s
 ca6ba77a7dd1 Extracting 1 s
 ca6ba77a7dd1 Extracting 1 s
 ca6ba77a7dd1 Extracting 1 s
 ca6ba77a7dd1 Extracting 1 s
 ca6ba77a7dd1 Extracting 1 s
 ca6ba77a7dd1 Extracting 1 s
 ca6ba77a7dd1 Extracting 1 s
 ca6ba77a7dd1 Extracting 1 s
 ca6ba77a7dd1 Extracting 2 s
 ca6ba77a7dd1 Extracting 2 s
 ca6ba77a7dd1 Extracting 2 s
 ca6ba77a7dd1 Extracting 2 s
 ca6ba77a7dd1 Extracting 2 s
 ca6ba77a7dd1 Extracting 2 s
 ca6ba77a7dd1 Extracting 2 s
 ca6ba77a7dd1 Extracting 2 s
 ca6ba77a7dd1 Extracting 2 s
 ca6ba77a7dd1 Extracting 2 s
 ca6ba77a7dd1 Extracting 3 s
 ca6ba77a7dd1 Extracting 3 s
 ca6ba77a7dd1 Extracting 3 s
 ca6ba77a7dd1 Extracting 3 s
 ca6ba77a7dd1 Extracting 3 s
 ca6ba77a7dd1 Extracting 3 s
 ca6ba77a7dd1 Extracting 3 s
 ca6ba77a7dd1 Extracting 3 s
 ca6ba77a7dd1 Extracting 3 s
 ca6ba77a7dd1 Extracting 3 s
 ca6ba77a7dd1 Extracting 4 s
 ca6ba77a7dd1 Extracting 4 s
 ca6ba77a7dd1 Extracting 4 s
 ca6ba77a7dd1 Extracting 4 s
 ca6ba77a7dd1 Extracting 4 s
 ca6ba77a7dd1 Extracting 4 s
 ca6ba77a7dd1 Extracting 4 s
 ca6ba77a7dd1 Extracting 4 s
 ca6ba77a7dd1 Extracting 4 s
 ca6ba77a7dd1 Extracting 4 s
 ca6ba77a7dd1 Extracting 5 s
 ca6ba77a7dd1 Extracting 5 s
 ca6ba77a7dd1 Extracting 5 s
 ca6ba77a7dd1 Extracting 5 s
 ca6ba77a7dd1 Extracting 5 s
 ca6ba77a7dd1 Extracting 5 s
 ca6ba77a7dd1 Extracting 5 s
 ca6ba77a7dd1 Extracting 5 s
 ca6ba77a7dd1 Extracting 5 s
 ca6ba77a7dd1 Extracting 5 s
 ca6ba77a7dd1 Extracting 6 s
 ca6ba77a7dd1 Extracting 6 s
 ca6ba77a7dd1 Extracting 6 s
 ca6ba77a7dd1 Extracting 6 s
 ca6ba77a7dd1 Extracting 6 s
 ca6ba77a7dd1 Extracting 6 s
 ca6ba77a7dd1 Extracting 6 s
 ca6ba77a7dd1 Extracting 6 s
 ca6ba77a7dd1 Extracting 6 s
 ca6ba77a7dd1 Extracting 6 s
 ca6ba77a7dd1 Extracting 7 s
 ca6ba77a7dd1 Extracting 7 s
 ca6ba77a7dd1 Extracting 7 s
 ca6ba77a7dd1 Extracting 7 s
 ca6ba77a7dd1 Extracting 7 s
 ca6ba77a7dd1 Extracting 7 s
 ca6ba77a7dd1 Extracting 7 s
 ca6ba77a7dd1 Extracting 7 s
 ca6ba77a7dd1 Extracting 7 s
 ca6ba77a7dd1 Extracting 7 s
 ca6ba77a7dd1 Extracting 8 s
 ca6ba77a7dd1 Extracting 8 s
 ca6ba77a7dd1 Extracting 8 s
 ca6ba77a7dd1 Extracting 8 s
 ca6ba77a7dd1 Extracting 8 s
 ca6ba77a7dd1 Extracting 8 s
 ca6ba77a7dd1 Extracting 8 s
 ca6ba77a7dd1 Extracting 8 s
 ca6ba77a7dd1 Extracting 8 s
 ca6ba77a7dd1 Extracting 8 s
 ca6ba77a7dd1 Extracting 9 s
 ca6ba77a7dd1 Extracting 9 s
 ca6ba77a7dd1 Extracting 9 s
 ca6ba77a7dd1 Extracting 9 s
 ca6ba77a7dd1 Extracting 9 s
 ca6ba77a7dd1 Extracting 9 s
 ca6ba77a7dd1 Extracting 9 s
 ca6ba77a7dd1 Extracting 9 s
 ca6ba77a7dd1 Extracting 9 s
 ca6ba77a7dd1 Extracting 9 s
 ca6ba77a7dd1 Extracting 10 s
 ca6ba77a7dd1 Extracting 10 s
 ca6ba77a7dd1 Extracting 10 s
 ca6ba77a7dd1 Extracting 10 s
 ca6ba77a7dd1 Extracting 10 s
 ca6ba77a7dd1 Extracting 10 s
 ca6ba77a7dd1 Extracting 10 s
 ca6ba77a7dd1 Extracting 10 s
 ca6ba77a7dd1 Extracting 10 s
 ca6ba77a7dd1 Extracting 10 s
 ca6ba77a7dd1 Extracting 11 s
 ca6ba77a7dd1 Extracting 11 s
 ca6ba77a7dd1 Extracting 11 s
 ca6ba77a7dd1 Extracting 11 s
 ca6ba77a7dd1 Extracting 11 s
 ca6ba77a7dd1 Extracting 11 s
 ca6ba77a7dd1 Extracting 11 s
 ca6ba77a7dd1 Extracting 11 s
 ca6ba77a7dd1 Extracting 11 s
 ca6ba77a7dd1 Extracting 11 s
 ca6ba77a7dd1 Extracting 12 s
 ca6ba77a7dd1 Extracting 12 s
 ca6ba77a7dd1 Extracting 12 s
 ca6ba77a7dd1 Extracting 12 s
 ca6ba77a7dd1 Extracting 12 s
 ca6ba77a7dd1 Extracting 12 s
 ca6ba77a7dd1 Extracting 12 s
 ca6ba77a7dd1 Extracting 12 s
 ca6ba77a7dd1 Extracting 12 s
 ca6ba77a7dd1 Extracting 12 s
 ca6ba77a7dd1 Extracting 13 s
 ca6ba77a7dd1 Extracting 13 s
 ca6ba77a7dd1 Extracting 13 s
 ca6ba77a7dd1 Extracting 13 s
 ca6ba77a7dd1 Extracting 13 s
 ca6ba77a7dd1 Extracting 13 s
 ca6ba77a7dd1 Extracting 13 s
 ca6ba77a7dd1 Extracting 13 s
 ca6ba77a7dd1 Extracting 13 s
 ca6ba77a7dd1 Extracting 13 s
 ca6ba77a7dd1 Extracting 14 s
 ca6ba77a7dd1 Extracting 14 s
 ca6ba77a7dd1 Extracting 14 s
 ca6ba77a7dd1 Extracting 14 s
 ca6ba77a7dd1 Extracting 14 s
 ca6ba77a7dd1 Extracting 14 s
 ca6ba77a7dd1 Extracting 14 s
 ca6ba77a7dd1 Extracting 14 s
 ca6ba77a7dd1 Extracting 14 s
 ca6ba77a7dd1 Extracting 14 s
 ca6ba77a7dd1 Extracting 15 s
 ca6ba77a7dd1 Extracting 15 s
 ca6ba77a7dd1 Extracting 15 s
 ca6ba77a7dd1 Extracting 15 s
 ca6ba77a7dd1 Extracting 15 s
 ca6ba77a7dd1 Extracting 15 s
 ca6ba77a7dd1 Extracting 15 s
 ca6ba77a7dd1 Extracting 15 s
 ca6ba77a7dd1 Extracting 15 s
 ca6ba77a7dd1 Extracting 15 s
 ca6ba77a7dd1 Extracting 16 s
 ca6ba77a7dd1 Extracting 16 s
 ca6ba77a7dd1 Extracting 16 s
 ca6ba77a7dd1 Extracting 16 s
 ca6ba77a7dd1 Extracting 16 s
 ca6ba77a7dd1 Extracting 16 s
 ca6ba77a7dd1 Extracting 16 s
 ca6ba77a7dd1 Extracting 16 s
 ca6ba77a7dd1 Extracting 16 s
 ca6ba77a7dd1 Extracting 16 s
 ca6ba77a7dd1 Extracting 17 s
 ca6ba77a7dd1 Extracting 17 s
 ca6ba77a7dd1 Extracting 17 s
 ca6ba77a7dd1 Extracting 17 s
 ca6ba77a7dd1 Extracting 17 s
 ca6ba77a7dd1 Extracting 17 s
 ca6ba77a7dd1 Extracting 17 s
 ca6ba77a7dd1 Extracting 17 s
 ca6ba77a7dd1 Extracting 17 s
 ca6ba77a7dd1 Extracting 17 s
 ca6ba77a7dd1 Extracting 18 s
 ca6ba77a7dd1 Extracting 18 s
 ca6ba77a7dd1 Extracting 18 s
 ca6ba77a7dd1 Extracting 18 s
 ca6ba77a7dd1 Extracting 18 s
 ca6ba77a7dd1 Extracting 18 s
 ca6ba77a7dd1 Extracting 18 s
 ca6ba77a7dd1 Extracting 18 s
 ca6ba77a7dd1 Extracting 18 s
 ca6ba77a7dd1 Extracting 18 s
 ca6ba77a7dd1 Extracting 19 s
 ca6ba77a7dd1 Extracting 19 s
 ca6ba77a7dd1 Extracting 19 s
 ca6ba77a7dd1 Extracting 19 s
 ca6ba77a7dd1 Extracting 19 s
 ca6ba77a7dd1 Extracting 19 s
 ca6ba77a7dd1 Extracting 19 s
 ca6ba77a7dd1 Extracting 19 s
 ca6ba77a7dd1 Extracting 19 s
 ca6ba77a7dd1 Extracting 19 s
 ca6ba77a7dd1 Extracting 20 s
 ca6ba77a7dd1 Extracting 20 s
 ca6ba77a7dd1 Extracting 20 s
 ca6ba77a7dd1 Extracting 20 s
 ca6ba77a7dd1 Extracting 20 s
 ca6ba77a7dd1 Extracting 20 s
 ca6ba77a7dd1 Extracting 20 s
 ca6ba77a7dd1 Extracting 20 s
 ca6ba77a7dd1 Extracting 20 s
 ca6ba77a7dd1 Extracting 20 s
 ca6ba77a7dd1 Extracting 21 s
 ca6ba77a7dd1 Extracting 21 s
 ca6ba77a7dd1 Extracting 21 s
 ca6ba77a7dd1 Extracting 21 s
 ca6ba77a7dd1 Extracting 21 s
 ca6ba77a7dd1 Extracting 21 s
 ca6ba77a7dd1 Extracting 21 s
 ca6ba77a7dd1 Extracting 21 s
 ca6ba77a7dd1 Extracting 21 s
 ca6ba77a7dd1 Extracting 21 s
 ca6ba77a7dd1 Extracting 22 s
 ca6ba77a7dd1 Extracting 22 s
 ca6ba77a7dd1 Extracting 22 s
 ca6ba77a7dd1 Extracting 22 s
 ca6ba77a7dd1 Extracting 22 s
 ca6ba77a7dd1 Extracting 22 s
 ca6ba77a7dd1 Extracting 22 s
 ca6ba77a7dd1 Extracting 22 s
 ca6ba77a7dd1 Extracting 22 s
 ca6ba77a7dd1 Extracting 22 s
 ca6ba77a7dd1 Extracting 23 s
 ca6ba77a7dd1 Extracting 23 s
 ca6ba77a7dd1 Extracting 23 s
 ca6ba77a7dd1 Extracting 23 s
 ca6ba77a7dd1 Extracting 23 s
 ca6ba77a7dd1 Extracting 23 s
 ca6ba77a7dd1 Extracting 23 s
 ca6ba77a7dd1 Extracting 23 s
 ca6ba77a7dd1 Extracting 23 s
 ca6ba77a7dd1 Extracting 23 s
 ca6ba77a7dd1 Extracting 24 s
 ca6ba77a7dd1 Extracting 24 s
 ca6ba77a7dd1 Extracting 24 s
 ca6ba77a7dd1 Extracting 24 s
 ca6ba77a7dd1 Extracting 24 s
 ca6ba77a7dd1 Extracting 24 s
 ca6ba77a7dd1 Extracting 24 s
 ca6ba77a7dd1 Extracting 24 s
 ca6ba77a7dd1 Extracting 24 s
 ca6ba77a7dd1 Extracting 24 s
 ca6ba77a7dd1 Extracting 25 s
 ca6ba77a7dd1 Extracting 25 s
 ca6ba77a7dd1 Extracting 25 s
 ca6ba77a7dd1 Extracting 25 s
 ca6ba77a7dd1 Extracting 25 s
 ca6ba77a7dd1 Extracting 25 s
failed to extract layer (application/vnd.docker.image.rootfs.diff.tar.gzip sha256:ca6ba77a7dd1371b8201e2dd401ad97769594d01203f920f632f6e5846b8ac60) to overlayfs as "extract-509481522-mFaR sha256:d9d5ea6b4d25b8ddbdff846002eaa39c522dd76d96d21b70b5badce07879f63e": failed to convert whiteout file "root/.wh..npm": operation not permitted
